<?xml version="1.0" encoding="UTF-8"?>
<testsuite xmlns:xsi="http://www.w3.org/2001/XMLSchema-instance" xsi:noNamespaceSchemaLocation="https://maven.apache.org/surefire/maven-surefire-plugin/xsd/surefire-test-report-3.0.xsd" version="3.0" name="ParametrizetLionTest" time="0.007" tests="4" errors="0" skipped="0" failures="0">
  <properties>
[...]
</properties>
  <testcase name="doesHaveManeLionTest[Тест  ParametrizetLionTest - Самец]" classname="ParametrizetLionTest" time="0.0"/>
  <testcase name="doesHaveManeLionTest[Тест  ParametrizetLionTest - Самка]" classname="ParametrizetLionTest" time="0.0"/>
  <testcase name="doesHaveManeLionTest[Тест  ParametrizetLionTest - Лев]" classname="ParametrizetLionTest" time="0.001">
    <system-out><![CDATA[Неизвестный пол
]]></system-out>
  </testcase>
  <testcase name="doesHaveManeLionTest[Тест  ParametrizetLionTest - Львица]" classname="ParametrizetLionTest" time="0.002">
    <system-out><![CDATA[Неизвестный пол
]]></system-out>
  </testcase>
</testsuite>